c:\code\graphics\graphicsproject\utilities\x64\debug\utilities.pdb
c:\code\graphics\graphicsproject\utilities\x64\debug\utilities.idb
c:\code\graphics\graphicsproject\utilities\x64\debug\dijkstra.obj
c:\code\graphics\graphicsproject\utilities\x64\debug\linecylinder.obj
c:\code\graphics\graphicsproject\utilities\x64\debug\meshformconverter.obj
c:\code\graphics\graphicsproject\utilities\x64\debug\meshmerger.obj
c:\code\graphics\graphicsproject\utilities\x64\debug\meshslicer.obj
c:\code\graphics\graphicsproject\utilities\x64\debug\mobiuscomputer.obj
c:\code\graphics\graphicsproject\utilities\x64\debug\hyperbolicgeometry.obj
c:\code\graphics\graphicsproject\utilities\x64\debug\circle.obj
c:\code\graphics\graphicsproject\utilities\x64\debug\euclideangeometry2d.obj
c:\code\graphics\graphicsproject\utilities\x64\debug\main.obj
c:\code\graphics\graphicsproject\utilities\x64\debug\euclideancoveringspace.obj
c:\code\graphics\graphicsproject\utilities\x64\debug\hyperboliccoveringspace.obj
c:\code\graphics\graphicsproject\utilities\x64\debug\meshmarker.obj
c:\code\graphics\graphicsproject\x64\debug\utilities.lib
c:\code\graphics\graphicsproject\utilities\x64\debug\hyperbolicgeometry.obj.enc
c:\code\graphics\graphicsproject\x64\debug\utilities.pdb
c:\code\graphics\graphicsproject\utilities\x64\debug\utilities.tlog\cl.command.1.tlog
c:\code\graphics\graphicsproject\utilities\x64\debug\utilities.tlog\cl.read.1.tlog
c:\code\graphics\graphicsproject\utilities\x64\debug\utilities.tlog\cl.write.1.tlog
c:\code\graphics\graphicsproject\utilities\x64\debug\utilities.tlog\lib-link.read.1.tlog
c:\code\graphics\graphicsproject\utilities\x64\debug\utilities.tlog\lib-link.write.1.tlog
c:\code\graphics\graphicsproject\utilities\x64\debug\utilities.tlog\lib.command.1.tlog
