  Dijkstra.cpp
  Circle.cpp
  EuclideanGeometry2D.cpp
  HyperbolicGeometry.cpp
  LineCylinder.cpp
src\LineCylinder.cpp(11): warning C4244: 'initializing': conversion from '__int64' to 'int', possible loss of data
  MeshFormConverter.cpp
src\MeshFormConverter.cpp(5): warning C4267: 'initializing': conversion from 'size_t' to 'int', possible loss of data
src\MeshFormConverter.cpp(8): warning C4267: 'initializing': conversion from 'size_t' to 'int', possible loss of data
src\MeshFormConverter.cpp(40): warning C4267: 'initializing': conversion from 'size_t' to 'int', possible loss of data
src\MeshFormConverter.cpp(43): warning C4267: 'initializing': conversion from 'size_t' to 'int', possible loss of data
src\MeshFormConverter.cpp(86): warning C4267: 'initializing': conversion from 'size_t' to 'int', possible loss of data
src\MeshFormConverter.cpp(87): warning C4267: 'initializing': conversion from 'size_t' to 'int', possible loss of data
src\MeshFormConverter.cpp(110): warning C4267: 'initializing': conversion from 'size_t' to 'int', possible loss of data
  MeshMarker.cpp
  MeshMerger.cpp
src\MeshMerger.cpp(26): warning C4244: 'argument': conversion from '__int64' to 'const int', possible loss of data
  StringParser.cpp
  PointSphere.cpp
  EuclideanCoveringSpace.cpp
src\Topology\EuclideanCoveringSpace.cpp(27): warning C4267: 'initializing': conversion from 'size_t' to 'int', possible loss of data
src\Topology\EuclideanCoveringSpace.cpp(43): warning C4244: 'argument': conversion from '__int64' to 'const int', possible loss of data
  HyperbolicCoveringSpace.cpp
src\Topology\HyperbolicCoveringSpace.cpp(30): warning C4267: 'initializing': conversion from 'size_t' to 'int', possible loss of data
src\Topology\HyperbolicCoveringSpace.cpp(46): warning C4244: 'argument': conversion from '__int64' to 'const int', possible loss of data
  MeshSlicer.cpp
src\Topology\MeshSlicer.cpp(26): warning C4267: 'initializing': conversion from 'size_t' to 'int', possible loss of data
src\Topology\MeshSlicer.cpp(154): warning C4267: 'initializing': conversion from 'size_t' to 'int', possible loss of data
  Utilities.vcxproj -> C:\Code\MeshEditor\x64\Release\Utilities.lib
